<?xml version="1.0" encoding="UTF-8"?>
<!-- Generated by org.testng.reporters.JUnitReportReporter -->
<testsuite skipped="0" hostname="A11754" name="com.employeeapi.testcase.TC001_Get_All_Employees" tests="9" failures="0" timestamp="2019-11-04T22:30:49 IST" time="0.119" errors="0">
  <testcase name="checkStatusCode" time="0.005" classname="com.employeeapi.testcase.TC001_Get_All_Employees"/>
  <testcase name="checkResposeBody" time="0.065" classname="com.employeeapi.testcase.TC001_Get_All_Employees"/>
  <testcase name="checkContentType" time="0.001" classname="com.employeeapi.testcase.TC001_Get_All_Employees"/>
  <testcase name="checkResponseTime" time="0.013" classname="com.employeeapi.testcase.TC001_Get_All_Employees"/>
  <testcase name="checkCookies" time="0.008" classname="com.employeeapi.testcase.TC001_Get_All_Employees"/>
  <testcase name="checkstatusLine" time="0.004" classname="com.employeeapi.testcase.TC001_Get_All_Employees"/>
  <testcase name="checkserverType" time="0.008" classname="com.employeeapi.testcase.TC001_Get_All_Employees"/>
  <testcase name="checkcontentEncoding" time="0.001" classname="com.employeeapi.testcase.TC001_Get_All_Employees"/>
  <testcase name="checkContentLenght" time="0.014" classname="com.employeeapi.testcase.TC001_Get_All_Employees"/>
</testsuite> <!-- com.employeeapi.testcase.TC001_Get_All_Employees -->
