<?xml version="1.0" encoding="UTF-8"?>
<!-- Generated by org.testng.reporters.JUnitReportReporter -->
<testsuite skipped="0" hostname="A11754" name="com.employeeapi.testcase.TC002_Get_Single_Employee_Record" tests="7" failures="0" timestamp="2019-11-04T22:30:49 IST" time="0.023" errors="0">
  <testcase name="checkContentType" time="0.006" classname="com.employeeapi.testcase.TC002_Get_Single_Employee_Record"/>
  <testcase name="checkResponseTime" time="0.002" classname="com.employeeapi.testcase.TC002_Get_Single_Employee_Record"/>
  <testcase name="checkResposeBody" time="0.001" classname="com.employeeapi.testcase.TC002_Get_Single_Employee_Record"/>
  <testcase name="checkstatusLine" time="0.004" classname="com.employeeapi.testcase.TC002_Get_Single_Employee_Record"/>
  <testcase name="checkStatusCode" time="0.005" classname="com.employeeapi.testcase.TC002_Get_Single_Employee_Record"/>
  <testcase name="checkserverType" time="0.004" classname="com.employeeapi.testcase.TC002_Get_Single_Employee_Record"/>
  <testcase name="checkContentLenght" time="0.001" classname="com.employeeapi.testcase.TC002_Get_Single_Employee_Record"/>
</testsuite> <!-- com.employeeapi.testcase.TC002_Get_Single_Employee_Record -->
